[debug] [2021-06-26T01:40:08.560Z] ----------------------------------------------------------------------
[debug] [2021-06-26T01:40:08.562Z] Command:       /usr/local/bin/firebase /home/usuario/.cache/firebase/tools/lib/node_modules/firebase-tools/lib/bin/firebase init
[debug] [2021-06-26T01:40:08.563Z] CLI Version:   9.14.0
[debug] [2021-06-26T01:40:08.563Z] Platform:      linux
[debug] [2021-06-26T01:40:08.563Z] Node Version:  v12.18.1
[debug] [2021-06-26T01:40:08.563Z] Time:          Fri Jun 25 2021 22:40:08 GMT-0300 (GMT-03:00)
[debug] [2021-06-26T01:40:08.563Z] ----------------------------------------------------------------------
[debug] 
[debug] [2021-06-26T01:40:08.570Z] > command requires scopes: ["email","openid","https://www.googleapis.com/auth/cloudplatformprojects.readonly","https://www.googleapis.com/auth/firebase","https://www.googleapis.com/auth/cloud-platform"]
[debug] [2021-06-26T01:40:08.570Z] > authorizing via signed-in user (df3296709@gmail.com)
[info] 
     ######## #### ########  ######## ########     ###     ######  ########
     ##        ##  ##     ## ##       ##     ##  ##   ##  ##       ##
     ######    ##  ########  ######   ########  #########  ######  ######
     ##        ##  ##    ##  ##       ##     ## ##     ##       ## ##
     ##       #### ##     ## ######## ########  ##     ##  ######  ########

You're about to initialize a Firebase project in this directory:

  /home/usuario/daniel/nlw/letmeask

[info] 
=== Project Setup
[info] 
[info] First, let's associate this project directory with a Firebase project.
[info] You can create multiple project aliases by running firebase use --add, 
[info] but for now we'll just set up a default project.
[info] 
